c:\users\hasee\source\repos\my_calculator\my_calculator\debug\vc141.pdb
c:\users\hasee\source\repos\my_calculator\my_calculator\debug\vc141.idb
c:\users\hasee\source\repos\my_calculator\my_calculator\debug\divide.obj
c:\users\hasee\source\repos\my_calculator\my_calculator\debug\multiply.obj
c:\users\hasee\source\repos\my_calculator\my_calculator\debug\plus.obj
c:\users\hasee\source\repos\my_calculator\my_calculator\debug\minus.obj
c:\users\hasee\source\repos\my_calculator\my_calculator\debug\power.obj
c:\users\hasee\source\repos\my_calculator\my_calculator\debug\reading.obj
c:\users\hasee\source\repos\my_calculator\my_calculator\debug\sqrting.obj
c:\users\hasee\source\repos\my_calculator\my_calculator\debug\study.obj
c:\users\hasee\source\repos\my_calculator\my_calculator\debug\why_calculator.obj
c:\users\hasee\source\repos\my_calculator\my_calculator\debug\output.obj
c:\users\hasee\source\repos\my_calculator\my_calculator\debug\calculating.obj
c:\users\hasee\source\repos\my_calculator\debug\my_calculator.exe
c:\users\hasee\source\repos\my_calculator\debug\my_calculator.ilk
c:\users\hasee\source\repos\my_calculator\debug\my_calculator.pdb
c:\users\hasee\source\repos\my_calculator\my_calculator\debug\my_calculator.tlog\cl.command.1.tlog
c:\users\hasee\source\repos\my_calculator\my_calculator\debug\my_calculator.tlog\cl.read.1.tlog
c:\users\hasee\source\repos\my_calculator\my_calculator\debug\my_calculator.tlog\cl.write.1.tlog
c:\users\hasee\source\repos\my_calculator\my_calculator\debug\my_calculator.tlog\link.command.1.tlog
c:\users\hasee\source\repos\my_calculator\my_calculator\debug\my_calculator.tlog\link.read.1.tlog
c:\users\hasee\source\repos\my_calculator\my_calculator\debug\my_calculator.tlog\link.write.1.tlog
